2016-11-15 17:58:02 6532 [Note] Plugin 'FEDERATED' is disabled.
2016-11-15 17:58:02 6532 [Note] InnoDB: Using atomics to ref count buffer pool pages
2016-11-15 17:58:02 6532 [Note] InnoDB: The InnoDB memory heap is disabled
2016-11-15 17:58:02 6532 [Note] InnoDB: Mutexes and rw_locks use Windows interlocked functions
2016-11-15 17:58:02 6532 [Note] InnoDB: Memory barrier is not used
2016-11-15 17:58:02 6532 [Note] InnoDB: Compressed tables use zlib 1.2.3
2016-11-15 17:58:02 6532 [Note] InnoDB: Not using CPU crc32 instructions
2016-11-15 17:58:02 6532 [Note] InnoDB: Initializing buffer pool, size = 128.0M
2016-11-15 17:58:02 6532 [Note] InnoDB: Completed initialization of buffer pool
2016-11-15 17:58:02 6532 [Note] InnoDB: The first specified data file .\ibdata1 did not exist: a new database to be created!
2016-11-15 17:58:02 6532 [Note] InnoDB: Setting file .\ibdata1 size to 12 MB
2016-11-15 17:58:02 6532 [Note] InnoDB: Database physically writes the file full: wait...
2016-11-15 17:58:02 6532 [Note] InnoDB: Setting log file .\ib_logfile101 size to 48 MB
2016-11-15 17:58:03 6532 [Note] InnoDB: Setting log file .\ib_logfile1 size to 48 MB
2016-11-15 17:58:04 6532 [Note] InnoDB: Renaming log file .\ib_logfile101 to .\ib_logfile0
2016-11-15 17:58:04 6532 [Warning] InnoDB: New log files created, LSN=45781
2016-11-15 17:58:04 6532 [Note] InnoDB: Doublewrite buffer not found: creating new
2016-11-15 17:58:04 6532 [Note] InnoDB: Doublewrite buffer created
2016-11-15 17:58:04 6532 [Note] InnoDB: 128 rollback segment(s) are active.
2016-11-15 17:58:04 6532 [Warning] InnoDB: Creating foreign key constraint system tables.
2016-11-15 17:58:04 6532 [Note] InnoDB: Foreign key constraint system tables created
2016-11-15 17:58:04 6532 [Note] InnoDB: Creating tablespace and datafile system tables.
2016-11-15 17:58:04 6532 [Note] InnoDB: Tablespace and datafile system tables created.
2016-11-15 17:58:04 6532 [Note] InnoDB: Waiting for purge to start
2016-11-15 17:58:04 6532 [Note] InnoDB: 5.6.20 started; log sequence number 0
2016-11-15 17:58:04 6532 [Note] Server hostname (bind-address): '*'; port: 3306
2016-11-15 17:58:04 6532 [Note] IPv6 is available.
2016-11-15 17:58:04 6532 [Note]   - '::' resolves to '::';
2016-11-15 17:58:04 6532 [Note] Server socket created on IP: '::'.
2016-11-15 17:58:04 6532 [Warning] InnoDB: Cannot open table mysql/slave_master_info from the internal data dictionary of InnoDB though the .frm file for the table exists. See http://dev.mysql.com/doc/refman/5.6/en/innodb-troubleshooting.html for how you can resolve the problem.
2016-11-15 17:58:04 6532 [Warning] Info table is not ready to be used. Table 'mysql.slave_master_info' cannot be opened.
2016-11-15 17:58:04 6532 [Warning] InnoDB: Cannot open table mysql/slave_worker_info from the internal data dictionary of InnoDB though the .frm file for the table exists. See http://dev.mysql.com/doc/refman/5.6/en/innodb-troubleshooting.html for how you can resolve the problem.
2016-11-15 17:58:04 6532 [Warning] InnoDB: Cannot open table mysql/slave_relay_log_info from the internal data dictionary of InnoDB though the .frm file for the table exists. See http://dev.mysql.com/doc/refman/5.6/en/innodb-troubleshooting.html for how you can resolve the problem.
2016-11-15 17:58:04 6532 [Warning] Info table is not ready to be used. Table 'mysql.slave_relay_log_info' cannot be opened.
2016-11-15 17:58:04 6532 [Note] Event Scheduler: Loaded 0 events
2016-11-15 17:58:04 6532 [Note] D:\apache2\bin\database\mysql-5.6.20\bin\mysqld.exe: ready for connections.
Version: '5.6.20-log'  socket: ''  port: 3306  MySQL Community Server (GPL)
2016-11-15 18:00:12 6532 [Note] D:\apache2\bin\database\mysql-5.6.20\bin\mysqld.exe: Normal shutdown

2016-11-15 18:00:12 6532 [Note] Giving 0 client threads a chance to die gracefully
2016-11-15 18:00:12 6532 [Note] Event Scheduler: Purging the queue. 0 events
2016-11-15 18:00:12 6532 [Note] Shutting down slave threads
2016-11-15 18:00:12 6532 [Note] Forcefully disconnecting 0 remaining clients
2016-11-15 18:00:12 6532 [Note] Binlog end
2016-11-15 18:00:12 6532 [Note] Shutting down plugin 'partition'
2016-11-15 18:00:12 6532 [Note] Shutting down plugin 'PERFORMANCE_SCHEMA'
2016-11-15 18:00:12 6532 [Note] Shutting down plugin 'INNODB_SYS_DATAFILES'
2016-11-15 18:00:12 6532 [Note] Shutting down plugin 'INNODB_SYS_TABLESPACES'
2016-11-15 18:00:12 6532 [Note] Shutting down plugin 'INNODB_SYS_FOREIGN_COLS'
2016-11-15 18:00:12 6532 [Note] Shutting down plugin 'INNODB_SYS_FOREIGN'
2016-11-15 18:00:12 6532 [Note] Shutting down plugin 'INNODB_SYS_FIELDS'
2016-11-15 18:00:12 6532 [Note] Shutting down plugin 'INNODB_SYS_COLUMNS'
2016-11-15 18:00:12 6532 [Note] Shutting down plugin 'INNODB_SYS_INDEXES'
2016-11-15 18:00:12 6532 [Note] Shutting down plugin 'INNODB_SYS_TABLESTATS'
2016-11-15 18:00:12 6532 [Note] Shutting down plugin 'INNODB_SYS_TABLES'
2016-11-15 18:00:12 6532 [Note] Shutting down plugin 'INNODB_FT_INDEX_TABLE'
2016-11-15 18:00:12 6532 [Note] Shutting down plugin 'INNODB_FT_INDEX_CACHE'
2016-11-15 18:00:12 6532 [Note] Shutting down plugin 'INNODB_FT_CONFIG'
2016-11-15 18:00:12 6532 [Note] Shutting down plugin 'INNODB_FT_BEING_DELETED'
2016-11-15 18:00:12 6532 [Note] Shutting down plugin 'INNODB_FT_DELETED'
2016-11-15 18:00:12 6532 [Note] Shutting down plugin 'INNODB_FT_DEFAULT_STOPWORD'
2016-11-15 18:00:12 6532 [Note] Shutting down plugin 'INNODB_METRICS'
2016-11-15 18:00:12 6532 [Note] Shutting down plugin 'INNODB_BUFFER_POOL_STATS'
2016-11-15 18:00:12 6532 [Note] Shutting down plugin 'INNODB_BUFFER_PAGE_LRU'
2016-11-15 18:00:12 6532 [Note] Shutting down plugin 'INNODB_BUFFER_PAGE'
2016-11-15 18:00:12 6532 [Note] Shutting down plugin 'INNODB_CMP_PER_INDEX_RESET'
2016-11-15 18:00:12 6532 [Note] Shutting down plugin 'INNODB_CMP_PER_INDEX'
2016-11-15 18:00:12 6532 [Note] Shutting down plugin 'INNODB_CMPMEM_RESET'
2016-11-15 18:00:12 6532 [Note] Shutting down plugin 'INNODB_CMPMEM'
2016-11-15 18:00:12 6532 [Note] Shutting down plugin 'INNODB_CMP_RESET'
2016-11-15 18:00:12 6532 [Note] Shutting down plugin 'INNODB_CMP'
2016-11-15 18:00:12 6532 [Note] Shutting down plugin 'INNODB_LOCK_WAITS'
2016-11-15 18:00:12 6532 [Note] Shutting down plugin 'INNODB_LOCKS'
2016-11-15 18:00:12 6532 [Note] Shutting down plugin 'INNODB_TRX'
2016-11-15 18:00:12 6532 [Note] Shutting down plugin 'InnoDB'
2016-11-15 18:00:12 6532 [Note] InnoDB: FTS optimize thread exiting.
2016-11-15 18:00:12 6532 [Note] InnoDB: Starting shutdown...
2016-11-15 18:00:13 6532 [Note] InnoDB: Shutdown completed; log sequence number 1600607
2016-11-15 18:00:13 6532 [Note] Shutting down plugin 'BLACKHOLE'
2016-11-15 18:00:13 6532 [Note] Shutting down plugin 'ARCHIVE'
2016-11-15 18:00:13 6532 [Note] Shutting down plugin 'MRG_MYISAM'
2016-11-15 18:00:13 6532 [Note] Shutting down plugin 'MyISAM'
2016-11-15 18:00:13 6532 [Note] Shutting down plugin 'MEMORY'
2016-11-15 18:00:13 6532 [Note] Shutting down plugin 'CSV'
2016-11-15 18:00:13 6532 [Note] Shutting down plugin 'sha256_password'
2016-11-15 18:00:13 6532 [Note] Shutting down plugin 'mysql_old_password'
2016-11-15 18:00:13 6532 [Note] Shutting down plugin 'mysql_native_password'
2016-11-15 18:00:13 6532 [Note] Shutting down plugin 'binlog'
2016-11-15 18:00:13 6532 [Note] D:\apache2\bin\database\mysql-5.6.20\bin\mysqld.exe: Shutdown complete

2016-11-15 18:00:13 3172 [Note] Plugin 'FEDERATED' is disabled.
2016-11-15 18:00:13 3172 [Note] InnoDB: Using atomics to ref count buffer pool pages
2016-11-15 18:00:13 3172 [Note] InnoDB: The InnoDB memory heap is disabled
2016-11-15 18:00:13 3172 [Note] InnoDB: Mutexes and rw_locks use Windows interlocked functions
2016-11-15 18:00:13 3172 [Note] InnoDB: Memory barrier is not used
2016-11-15 18:00:13 3172 [Note] InnoDB: Compressed tables use zlib 1.2.3
2016-11-15 18:00:13 3172 [Note] InnoDB: Not using CPU crc32 instructions
2016-11-15 18:00:13 3172 [Note] InnoDB: Initializing buffer pool, size = 128.0M
2016-11-15 18:00:13 3172 [Note] InnoDB: Completed initialization of buffer pool
2016-11-15 18:00:13 3172 [Note] InnoDB: Highest supported file format is Barracuda.
2016-11-15 18:00:13 3172 [Note] InnoDB: 128 rollback segment(s) are active.
2016-11-15 18:00:13 3172 [Note] InnoDB: Waiting for purge to start
2016-11-15 18:00:13 3172 [Note] InnoDB: 5.6.20 started; log sequence number 1600607
2016-11-15 18:00:13 3172 [Note] Server hostname (bind-address): '*'; port: 3306
2016-11-15 18:00:13 3172 [Note] IPv6 is available.
2016-11-15 18:00:13 3172 [Note]   - '::' resolves to '::';
2016-11-15 18:00:13 3172 [Note] Server socket created on IP: '::'.
2016-11-15 18:00:13 3172 [Warning] InnoDB: Cannot open table mysql/slave_master_info from the internal data dictionary of InnoDB though the .frm file for the table exists. See http://dev.mysql.com/doc/refman/5.6/en/innodb-troubleshooting.html for how you can resolve the problem.
2016-11-15 18:00:13 3172 [Warning] Info table is not ready to be used. Table 'mysql.slave_master_info' cannot be opened.
2016-11-15 18:00:13 3172 [Warning] InnoDB: Cannot open table mysql/slave_worker_info from the internal data dictionary of InnoDB though the .frm file for the table exists. See http://dev.mysql.com/doc/refman/5.6/en/innodb-troubleshooting.html for how you can resolve the problem.
2016-11-15 18:00:13 3172 [Warning] InnoDB: Cannot open table mysql/slave_relay_log_info from the internal data dictionary of InnoDB though the .frm file for the table exists. See http://dev.mysql.com/doc/refman/5.6/en/innodb-troubleshooting.html for how you can resolve the problem.
2016-11-15 18:00:13 3172 [Warning] Info table is not ready to be used. Table 'mysql.slave_relay_log_info' cannot be opened.
2016-11-15 18:00:13 3172 [Note] Event Scheduler: Loaded 0 events
2016-11-15 18:00:13 3172 [Note] D:\apache2\bin\database\mysql-5.6.20\bin\mysqld.exe: ready for connections.
Version: '5.6.20-log'  socket: ''  port: 3306  MySQL Community Server (GPL)
2016-11-15 18:00:17 3172 [Note] D:\apache2\bin\database\mysql-5.6.20\bin\mysqld.exe: Normal shutdown

2016-11-15 18:00:17 3172 [Note] Giving 0 client threads a chance to die gracefully
2016-11-15 18:00:17 3172 [Note] Event Scheduler: Purging the queue. 0 events
2016-11-15 18:00:17 3172 [Note] Shutting down slave threads
2016-11-15 18:00:17 3172 [Note] Forcefully disconnecting 0 remaining clients
2016-11-15 18:00:17 3172 [Note] Binlog end
2016-11-15 18:00:17 3172 [Note] Shutting down plugin 'partition'
2016-11-15 18:00:17 3172 [Note] Shutting down plugin 'PERFORMANCE_SCHEMA'
2016-11-15 18:00:17 3172 [Note] Shutting down plugin 'INNODB_SYS_DATAFILES'
2016-11-15 18:00:17 3172 [Note] Shutting down plugin 'INNODB_SYS_TABLESPACES'
2016-11-15 18:00:17 3172 [Note] Shutting down plugin 'INNODB_SYS_FOREIGN_COLS'
2016-11-15 18:00:17 3172 [Note] Shutting down plugin 'INNODB_SYS_FOREIGN'
2016-11-15 18:00:17 3172 [Note] Shutting down plugin 'INNODB_SYS_FIELDS'
2016-11-15 18:00:17 3172 [Note] Shutting down plugin 'INNODB_SYS_COLUMNS'
2016-11-15 18:00:17 3172 [Note] Shutting down plugin 'INNODB_SYS_INDEXES'
2016-11-15 18:00:17 3172 [Note] Shutting down plugin 'INNODB_SYS_TABLESTATS'
2016-11-15 18:00:17 3172 [Note] Shutting down plugin 'INNODB_SYS_TABLES'
2016-11-15 18:00:17 3172 [Note] Shutting down plugin 'INNODB_FT_INDEX_TABLE'
2016-11-15 18:00:17 3172 [Note] Shutting down plugin 'INNODB_FT_INDEX_CACHE'
2016-11-15 18:00:17 3172 [Note] Shutting down plugin 'INNODB_FT_CONFIG'
2016-11-15 18:00:17 3172 [Note] Shutting down plugin 'INNODB_FT_BEING_DELETED'
2016-11-15 18:00:17 3172 [Note] Shutting down plugin 'INNODB_FT_DELETED'
2016-11-15 18:00:17 3172 [Note] Shutting down plugin 'INNODB_FT_DEFAULT_STOPWORD'
2016-11-15 18:00:17 3172 [Note] Shutting down plugin 'INNODB_METRICS'
2016-11-15 18:00:17 3172 [Note] Shutting down plugin 'INNODB_BUFFER_POOL_STATS'
2016-11-15 18:00:17 3172 [Note] Shutting down plugin 'INNODB_BUFFER_PAGE_LRU'
2016-11-15 18:00:17 3172 [Note] Shutting down plugin 'INNODB_BUFFER_PAGE'
2016-11-15 18:00:17 3172 [Note] Shutting down plugin 'INNODB_CMP_PER_INDEX_RESET'
2016-11-15 18:00:17 3172 [Note] Shutting down plugin 'INNODB_CMP_PER_INDEX'
2016-11-15 18:00:17 3172 [Note] Shutting down plugin 'INNODB_CMPMEM_RESET'
2016-11-15 18:00:17 3172 [Note] Shutting down plugin 'INNODB_CMPMEM'
2016-11-15 18:00:17 3172 [Note] Shutting down plugin 'INNODB_CMP_RESET'
2016-11-15 18:00:17 3172 [Note] Shutting down plugin 'INNODB_CMP'
2016-11-15 18:00:17 3172 [Note] Shutting down plugin 'INNODB_LOCK_WAITS'
2016-11-15 18:00:17 3172 [Note] Shutting down plugin 'INNODB_LOCKS'
2016-11-15 18:00:17 3172 [Note] Shutting down plugin 'INNODB_TRX'
2016-11-15 18:00:17 3172 [Note] Shutting down plugin 'InnoDB'
2016-11-15 18:00:17 3172 [Note] InnoDB: FTS optimize thread exiting.
2016-11-15 18:00:17 3172 [Note] InnoDB: Starting shutdown...
2016-11-15 18:00:19 3172 [Note] InnoDB: Shutdown completed; log sequence number 1600617
2016-11-15 18:00:19 3172 [Note] Shutting down plugin 'BLACKHOLE'
2016-11-15 18:00:19 3172 [Note] Shutting down plugin 'ARCHIVE'
2016-11-15 18:00:19 3172 [Note] Shutting down plugin 'MRG_MYISAM'
2016-11-15 18:00:19 3172 [Note] Shutting down plugin 'MyISAM'
2016-11-15 18:00:19 3172 [Note] Shutting down plugin 'MEMORY'
2016-11-15 18:00:19 3172 [Note] Shutting down plugin 'CSV'
2016-11-15 18:00:19 3172 [Note] Shutting down plugin 'sha256_password'
2016-11-15 18:00:19 3172 [Note] Shutting down plugin 'mysql_old_password'
2016-11-15 18:00:19 3172 [Note] Shutting down plugin 'mysql_native_password'
2016-11-15 18:00:19 3172 [Note] Shutting down plugin 'binlog'
2016-11-15 18:00:19 3172 [Note] D:\apache2\bin\database\mysql-5.6.20\bin\mysqld.exe: Shutdown complete

2016-11-15 18:00:24 5356 [Note] Plugin 'FEDERATED' is disabled.
2016-11-15 18:00:24 5356 [Note] InnoDB: Using atomics to ref count buffer pool pages
2016-11-15 18:00:24 5356 [Note] InnoDB: The InnoDB memory heap is disabled
2016-11-15 18:00:24 5356 [Note] InnoDB: Mutexes and rw_locks use Windows interlocked functions
2016-11-15 18:00:24 5356 [Note] InnoDB: Memory barrier is not used
2016-11-15 18:00:24 5356 [Note] InnoDB: Compressed tables use zlib 1.2.3
2016-11-15 18:00:24 5356 [Note] InnoDB: Not using CPU crc32 instructions
2016-11-15 18:00:24 5356 [Note] InnoDB: Initializing buffer pool, size = 128.0M
2016-11-15 18:00:24 5356 [Note] InnoDB: Completed initialization of buffer pool
2016-11-15 18:00:24 5356 [Note] InnoDB: Highest supported file format is Barracuda.
2016-11-15 18:00:25 5356 [Note] InnoDB: 128 rollback segment(s) are active.
2016-11-15 18:00:25 5356 [Note] InnoDB: Waiting for purge to start
2016-11-15 18:00:25 5356 [Note] InnoDB: 5.6.20 started; log sequence number 1600617
2016-11-15 18:00:25 5356 [Note] Server hostname (bind-address): '*'; port: 3306
2016-11-15 18:00:25 5356 [Note] IPv6 is available.
2016-11-15 18:00:25 5356 [Note]   - '::' resolves to '::';
2016-11-15 18:00:25 5356 [Note] Server socket created on IP: '::'.
2016-11-15 18:00:25 5356 [Warning] InnoDB: Cannot open table mysql/slave_master_info from the internal data dictionary of InnoDB though the .frm file for the table exists. See http://dev.mysql.com/doc/refman/5.6/en/innodb-troubleshooting.html for how you can resolve the problem.
2016-11-15 18:00:25 5356 [Warning] Info table is not ready to be used. Table 'mysql.slave_master_info' cannot be opened.
2016-11-15 18:00:25 5356 [Warning] InnoDB: Cannot open table mysql/slave_worker_info from the internal data dictionary of InnoDB though the .frm file for the table exists. See http://dev.mysql.com/doc/refman/5.6/en/innodb-troubleshooting.html for how you can resolve the problem.
2016-11-15 18:00:25 5356 [Warning] InnoDB: Cannot open table mysql/slave_relay_log_info from the internal data dictionary of InnoDB though the .frm file for the table exists. See http://dev.mysql.com/doc/refman/5.6/en/innodb-troubleshooting.html for how you can resolve the problem.
2016-11-15 18:00:25 5356 [Warning] Info table is not ready to be used. Table 'mysql.slave_relay_log_info' cannot be opened.
2016-11-15 18:00:25 5356 [Note] Event Scheduler: Loaded 0 events
2016-11-15 18:00:25 5356 [Note] D:\apache2\bin\database\mysql-5.6.20\bin\mysqld.exe: ready for connections.
Version: '5.6.20-log'  socket: ''  port: 3306  MySQL Community Server (GPL)
2016-11-16 16:45:28 7716 [Note] Plugin 'FEDERATED' is disabled.
2016-11-16 16:45:28 7716 [Note] InnoDB: Using atomics to ref count buffer pool pages
2016-11-16 16:45:28 7716 [Note] InnoDB: The InnoDB memory heap is disabled
2016-11-16 16:45:28 7716 [Note] InnoDB: Mutexes and rw_locks use Windows interlocked functions
2016-11-16 16:45:28 7716 [Note] InnoDB: Memory barrier is not used
2016-11-16 16:45:28 7716 [Note] InnoDB: Compressed tables use zlib 1.2.3
2016-11-16 16:45:28 7716 [Note] InnoDB: Not using CPU crc32 instructions
2016-11-16 16:45:28 7716 [Note] InnoDB: Initializing buffer pool, size = 128.0M
2016-11-16 16:45:28 7716 [Note] InnoDB: Completed initialization of buffer pool
2016-11-16 16:45:28 7716 [Note] InnoDB: Highest supported file format is Barracuda.
2016-11-16 16:45:28 7716 [Note] InnoDB: The log sequence numbers 1600617 and 1600617 in ibdata files do not match the log sequence number 1600627 in the ib_logfiles!
2016-11-16 16:45:28 7716 [Note] InnoDB: Database was not shutdown normally!
2016-11-16 16:45:28 7716 [Note] InnoDB: Starting crash recovery.
2016-11-16 16:45:28 7716 [Note] InnoDB: Reading tablespace information from the .ibd files...
2016-11-16 16:45:28 7716 [Note] InnoDB: Restoring possible half-written data pages 
2016-11-16 16:45:28 7716 [Note] InnoDB: from the doublewrite buffer...
2016-11-16 16:45:28 7716 [Note] InnoDB: 128 rollback segment(s) are active.
2016-11-16 16:45:28 7716 [Note] InnoDB: Waiting for purge to start
2016-11-16 16:45:28 7716 [Note] InnoDB: 5.6.20 started; log sequence number 1600627
2016-11-16 16:45:28 7716 [Note] Recovering after a crash using mysql-bin
2016-11-16 16:45:28 7716 [Note] Starting crash recovery...
2016-11-16 16:45:28 7716 [Note] Crash recovery finished.
2016-11-16 16:45:28 7716 [Note] Server hostname (bind-address): '*'; port: 3306
2016-11-16 16:45:28 7716 [Note] IPv6 is available.
2016-11-16 16:45:28 7716 [Note]   - '::' resolves to '::';
2016-11-16 16:45:28 7716 [Note] Server socket created on IP: '::'.
2016-11-16 16:45:28 7716 [Warning] InnoDB: Cannot open table mysql/slave_master_info from the internal data dictionary of InnoDB though the .frm file for the table exists. See http://dev.mysql.com/doc/refman/5.6/en/innodb-troubleshooting.html for how you can resolve the problem.
2016-11-16 16:45:28 7716 [Warning] Info table is not ready to be used. Table 'mysql.slave_master_info' cannot be opened.
2016-11-16 16:45:28 7716 [Warning] InnoDB: Cannot open table mysql/slave_worker_info from the internal data dictionary of InnoDB though the .frm file for the table exists. See http://dev.mysql.com/doc/refman/5.6/en/innodb-troubleshooting.html for how you can resolve the problem.
2016-11-16 16:45:28 7716 [Warning] InnoDB: Cannot open table mysql/slave_relay_log_info from the internal data dictionary of InnoDB though the .frm file for the table exists. See http://dev.mysql.com/doc/refman/5.6/en/innodb-troubleshooting.html for how you can resolve the problem.
2016-11-16 16:45:28 7716 [Warning] Info table is not ready to be used. Table 'mysql.slave_relay_log_info' cannot be opened.
2016-11-16 16:45:28 7716 [Note] Event Scheduler: Loaded 0 events
2016-11-16 16:45:28 7716 [Note] D:\apache2\bin\database\mysql-5.6.20\bin\mysqld.exe: ready for connections.
Version: '5.6.20-log'  socket: ''  port: 3306  MySQL Community Server (GPL)
2016-11-17 17:46:41 11596 [Note] Plugin 'FEDERATED' is disabled.
2016-11-17 17:46:41 11596 [Note] InnoDB: Using atomics to ref count buffer pool pages
2016-11-17 17:46:41 11596 [Note] InnoDB: The InnoDB memory heap is disabled
2016-11-17 17:46:41 11596 [Note] InnoDB: Mutexes and rw_locks use Windows interlocked functions
2016-11-17 17:46:41 11596 [Note] InnoDB: Memory barrier is not used
2016-11-17 17:46:41 11596 [Note] InnoDB: Compressed tables use zlib 1.2.3
2016-11-17 17:46:41 11596 [Note] InnoDB: Not using CPU crc32 instructions
2016-11-17 17:46:41 11596 [Note] InnoDB: Initializing buffer pool, size = 128.0M
2016-11-17 17:46:41 11596 [Note] InnoDB: Completed initialization of buffer pool
2016-11-17 17:46:41 11596 [Note] InnoDB: Highest supported file format is Barracuda.
2016-11-17 17:46:41 11596 [Note] InnoDB: The log sequence numbers 1600617 and 1600617 in ibdata files do not match the log sequence number 1600637 in the ib_logfiles!
2016-11-17 17:46:41 11596 [Note] InnoDB: Database was not shutdown normally!
2016-11-17 17:46:41 11596 [Note] InnoDB: Starting crash recovery.
2016-11-17 17:46:41 11596 [Note] InnoDB: Reading tablespace information from the .ibd files...
2016-11-17 17:46:41 11596 [Note] InnoDB: Restoring possible half-written data pages 
2016-11-17 17:46:41 11596 [Note] InnoDB: from the doublewrite buffer...
2016-11-17 17:46:41 11596 [Note] InnoDB: 128 rollback segment(s) are active.
2016-11-17 17:46:41 11596 [Note] InnoDB: Waiting for purge to start
2016-11-17 17:46:41 11596 [Note] InnoDB: 5.6.20 started; log sequence number 1600637
2016-11-17 17:46:41 11596 [Note] Recovering after a crash using mysql-bin
2016-11-17 17:46:41 11596 [Note] Starting crash recovery...
2016-11-17 17:46:41 11596 [Note] Crash recovery finished.
2016-11-17 17:46:41 11596 [Note] Server hostname (bind-address): '*'; port: 3306
2016-11-17 17:46:41 11596 [Note] IPv6 is available.
2016-11-17 17:46:41 11596 [Note]   - '::' resolves to '::';
2016-11-17 17:46:41 11596 [Note] Server socket created on IP: '::'.
2016-11-17 17:46:41 11596 [Warning] InnoDB: Cannot open table mysql/slave_master_info from the internal data dictionary of InnoDB though the .frm file for the table exists. See http://dev.mysql.com/doc/refman/5.6/en/innodb-troubleshooting.html for how you can resolve the problem.
2016-11-17 17:46:41 11596 [Warning] Info table is not ready to be used. Table 'mysql.slave_master_info' cannot be opened.
2016-11-17 17:46:41 11596 [Warning] InnoDB: Cannot open table mysql/slave_worker_info from the internal data dictionary of InnoDB though the .frm file for the table exists. See http://dev.mysql.com/doc/refman/5.6/en/innodb-troubleshooting.html for how you can resolve the problem.
2016-11-17 17:46:41 11596 [Warning] InnoDB: Cannot open table mysql/slave_relay_log_info from the internal data dictionary of InnoDB though the .frm file for the table exists. See http://dev.mysql.com/doc/refman/5.6/en/innodb-troubleshooting.html for how you can resolve the problem.
2016-11-17 17:46:41 11596 [Warning] Info table is not ready to be used. Table 'mysql.slave_relay_log_info' cannot be opened.
2016-11-17 17:46:41 11596 [Note] Event Scheduler: Loaded 0 events
2016-11-17 17:46:41 11596 [Note] D:\apache2\bin\database\mysql-5.6.20\bin\mysqld.exe: ready for connections.
Version: '5.6.20-log'  socket: ''  port: 3306  MySQL Community Server (GPL)
2016-11-17 18:38:37 11596 [Note] D:\apache2\bin\database\mysql-5.6.20\bin\mysqld.exe: Normal shutdown

2016-11-17 18:38:37 11596 [Note] Giving 0 client threads a chance to die gracefully
2016-11-17 18:38:37 11596 [Note] Event Scheduler: Purging the queue. 0 events
2016-11-17 18:38:37 11596 [Note] Shutting down slave threads
2016-11-17 18:38:37 11596 [Note] Forcefully disconnecting 0 remaining clients
2016-11-17 18:38:37 11596 [Note] Binlog end
2016-11-17 18:38:37 11596 [Note] Shutting down plugin 'partition'
2016-11-17 18:38:37 11596 [Note] Shutting down plugin 'PERFORMANCE_SCHEMA'
2016-11-17 18:38:37 11596 [Note] Shutting down plugin 'INNODB_SYS_DATAFILES'
2016-11-17 18:38:37 11596 [Note] Shutting down plugin 'INNODB_SYS_TABLESPACES'
2016-11-17 18:38:37 11596 [Note] Shutting down plugin 'INNODB_SYS_FOREIGN_COLS'
2016-11-17 18:38:37 11596 [Note] Shutting down plugin 'INNODB_SYS_FOREIGN'
2016-11-17 18:38:37 11596 [Note] Shutting down plugin 'INNODB_SYS_FIELDS'
2016-11-17 18:38:37 11596 [Note] Shutting down plugin 'INNODB_SYS_COLUMNS'
2016-11-17 18:38:37 11596 [Note] Shutting down plugin 'INNODB_SYS_INDEXES'
2016-11-17 18:38:37 11596 [Note] Shutting down plugin 'INNODB_SYS_TABLESTATS'
2016-11-17 18:38:37 11596 [Note] Shutting down plugin 'INNODB_SYS_TABLES'
2016-11-17 18:38:37 11596 [Note] Shutting down plugin 'INNODB_FT_INDEX_TABLE'
2016-11-17 18:38:37 11596 [Note] Shutting down plugin 'INNODB_FT_INDEX_CACHE'
2016-11-17 18:38:37 11596 [Note] Shutting down plugin 'INNODB_FT_CONFIG'
2016-11-17 18:38:37 11596 [Note] Shutting down plugin 'INNODB_FT_BEING_DELETED'
2016-11-17 18:38:37 11596 [Note] Shutting down plugin 'INNODB_FT_DELETED'
2016-11-17 18:38:37 11596 [Note] Shutting down plugin 'INNODB_FT_DEFAULT_STOPWORD'
2016-11-17 18:38:37 11596 [Note] Shutting down plugin 'INNODB_METRICS'
2016-11-17 18:38:37 11596 [Note] Shutting down plugin 'INNODB_BUFFER_POOL_STATS'
2016-11-17 18:38:37 11596 [Note] Shutting down plugin 'INNODB_BUFFER_PAGE_LRU'
2016-11-17 18:38:37 11596 [Note] Shutting down plugin 'INNODB_BUFFER_PAGE'
2016-11-17 18:38:37 11596 [Note] Shutting down plugin 'INNODB_CMP_PER_INDEX_RESET'
2016-11-17 18:38:37 11596 [Note] Shutting down plugin 'INNODB_CMP_PER_INDEX'
2016-11-17 18:38:37 11596 [Note] Shutting down plugin 'INNODB_CMPMEM_RESET'
2016-11-17 18:38:37 11596 [Note] Shutting down plugin 'INNODB_CMPMEM'
2016-11-17 18:38:37 11596 [Note] Shutting down plugin 'INNODB_CMP_RESET'
2016-11-17 18:38:37 11596 [Note] Shutting down plugin 'INNODB_CMP'
2016-11-17 18:38:37 11596 [Note] Shutting down plugin 'INNODB_LOCK_WAITS'
2016-11-17 18:38:37 11596 [Note] Shutting down plugin 'INNODB_LOCKS'
2016-11-17 18:38:37 11596 [Note] Shutting down plugin 'INNODB_TRX'
2016-11-17 18:38:37 11596 [Note] Shutting down plugin 'InnoDB'
2016-11-17 18:38:37 11596 [Note] InnoDB: FTS optimize thread exiting.
2016-11-17 18:38:37 11596 [Note] InnoDB: Starting shutdown...
2016-11-17 18:38:38 11596 [Note] InnoDB: Shutdown completed; log sequence number 1600647
2016-11-17 18:38:38 11596 [Note] Shutting down plugin 'BLACKHOLE'
2016-11-17 18:38:38 11596 [Note] Shutting down plugin 'ARCHIVE'
2016-11-17 18:38:38 11596 [Note] Shutting down plugin 'MRG_MYISAM'
2016-11-17 18:38:38 11596 [Note] Shutting down plugin 'MyISAM'
2016-11-17 18:38:38 11596 [Note] Shutting down plugin 'MEMORY'
2016-11-17 18:38:38 11596 [Note] Shutting down plugin 'CSV'
2016-11-17 18:38:38 11596 [Note] Shutting down plugin 'sha256_password'
2016-11-17 18:38:38 11596 [Note] Shutting down plugin 'mysql_old_password'
2016-11-17 18:38:38 11596 [Note] Shutting down plugin 'mysql_native_password'
2016-11-17 18:38:38 11596 [Note] Shutting down plugin 'binlog'
2016-11-17 18:38:38 11596 [Note] D:\apache2\bin\database\mysql-5.6.20\bin\mysqld.exe: Shutdown complete

2016-11-17 18:38:39 2744 [Note] Plugin 'FEDERATED' is disabled.
2016-11-17 18:38:39 2744 [Note] InnoDB: Using atomics to ref count buffer pool pages
2016-11-17 18:38:39 2744 [Note] InnoDB: The InnoDB memory heap is disabled
2016-11-17 18:38:39 2744 [Note] InnoDB: Mutexes and rw_locks use Windows interlocked functions
2016-11-17 18:38:39 2744 [Note] InnoDB: Memory barrier is not used
2016-11-17 18:38:39 2744 [Note] InnoDB: Compressed tables use zlib 1.2.3
2016-11-17 18:38:39 2744 [Note] InnoDB: Not using CPU crc32 instructions
2016-11-17 18:38:39 2744 [Note] InnoDB: Initializing buffer pool, size = 128.0M
2016-11-17 18:38:39 2744 [Note] InnoDB: Completed initialization of buffer pool
2016-11-17 18:38:39 2744 [Note] InnoDB: Highest supported file format is Barracuda.
2016-11-17 18:38:39 2744 [Note] InnoDB: 128 rollback segment(s) are active.
2016-11-17 18:38:39 2744 [Note] InnoDB: Waiting for purge to start
2016-11-17 18:38:39 2744 [Note] InnoDB: 5.6.20 started; log sequence number 1600647
2016-11-17 18:38:39 2744 [Note] Server hostname (bind-address): '*'; port: 3306
2016-11-17 18:38:39 2744 [Note] IPv6 is available.
2016-11-17 18:38:39 2744 [Note]   - '::' resolves to '::';
2016-11-17 18:38:39 2744 [Note] Server socket created on IP: '::'.
2016-11-17 18:38:39 2744 [Warning] InnoDB: Cannot open table mysql/slave_master_info from the internal data dictionary of InnoDB though the .frm file for the table exists. See http://dev.mysql.com/doc/refman/5.6/en/innodb-troubleshooting.html for how you can resolve the problem.
2016-11-17 18:38:39 2744 [Warning] Info table is not ready to be used. Table 'mysql.slave_master_info' cannot be opened.
2016-11-17 18:38:39 2744 [Warning] InnoDB: Cannot open table mysql/slave_worker_info from the internal data dictionary of InnoDB though the .frm file for the table exists. See http://dev.mysql.com/doc/refman/5.6/en/innodb-troubleshooting.html for how you can resolve the problem.
2016-11-17 18:38:39 2744 [Warning] InnoDB: Cannot open table mysql/slave_relay_log_info from the internal data dictionary of InnoDB though the .frm file for the table exists. See http://dev.mysql.com/doc/refman/5.6/en/innodb-troubleshooting.html for how you can resolve the problem.
2016-11-17 18:38:39 2744 [Warning] Info table is not ready to be used. Table 'mysql.slave_relay_log_info' cannot be opened.
2016-11-17 18:38:39 2744 [Note] Event Scheduler: Loaded 0 events
2016-11-17 18:38:39 2744 [Note] D:\apache2\bin\database\mysql-5.6.20\bin\mysqld.exe: ready for connections.
Version: '5.6.20-log'  socket: ''  port: 3306  MySQL Community Server (GPL)
